# JRE version: OpenJDK Runtime Environment (8.0_112-b06) (build 1.8.0_112-release-b06)
# Java VM: OpenJDK 64-Bit Server VM (25.112-b06 mixed mode windows-amd64 compressed oops)
Heap:
 PSYoungGen      total 78336K, used 13344K [0x00000000e0000000, 0x00000000e5880000, 0x0000000100000000)
  eden space 69120K, 6% used [0x00000000e0000000,0x00000000e040cf08,0x00000000e4380000)
  from space 9216K, 99% used [0x00000000e4680000,0x00000000e4f7b4d8,0x00000000e4f80000)
  to   space 5120K, 0% used [0x00000000e5380000,0x00000000e5380000,0x00000000e5880000)
 ParOldGen       total 65024K, used 17251K [0x00000000a0000000, 0x00000000a3f80000, 0x00000000e0000000)
  object space 65024K, 26% used [0x00000000a0000000,0x00000000a10d8f68,0x00000000a3f80000)
 Metaspace       used 43362K, capacity 44244K, committed 44544K, reserved 1087488K
  class space    used 5784K, capacity 6042K, committed 6144K, reserved 1048576K
GC Heap History (10 events):
Event: 6.188 GC heap before
{Heap before GC invocations=11 (full 1):
 PSYoungGen      total 47104K, used 46779K [0x00000000e0000000, 0x00000000e4800000, 0x0000000100000000)
  eden space 38400K, 100% used [0x00000000e0000000,0x00000000e2580000,0x00000000e2580000)
  from space 8704K, 96% used [0x00000000e2580000,0x00000000e2daecb0,0x00000000e2e00000)
  to   space 9728K, 0% used [0x00000000e3e80000,0x00000000e3e80000,0x00000000e4800000)
 ParOldGen       total 41472K, used 7829K [0x00000000a0000000, 0x00000000a2880000, 0x00000000e0000000)
  object space 41472K, 18% used [0x00000000a0000000,0x00000000a07a5440,0x00000000a2880000)
 Metaspace       used 32727K, capacity 33426K, committed 33536K, reserved 1079296K
  class space    used 4396K, capacity 4606K, committed 4608K, reserved 1048576K
Event: 6.194 GC heap after
Heap after GC invocations=11 (full 1):
 PSYoungGen      total 62976K, used 6464K [0x00000000e0000000, 0x00000000e4780000, 0x0000000100000000)
  eden space 53760K, 0% used [0x00000000e0000000,0x00000000e0000000,0x00000000e3480000)
  from space 9216K, 70% used [0x00000000e3e80000,0x00000000e44d0110,0x00000000e4780000)
  to   space 9728K, 0% used [0x00000000e3480000,0x00000000e3480000,0x00000000e3e00000)
 ParOldGen       total 41472K, used 9661K [0x00000000a0000000, 0x00000000a2880000, 0x00000000e0000000)
  object space 41472K, 23% used [0x00000000a0000000,0x00000000a096f600,0x00000000a2880000)
 Metaspace       used 32727K, capacity 33426K, committed 33536K, reserved 1079296K
  class space    used 4396K, capacity 4606K, committed 4608K, reserved 1048576K
}
Event: 7.777 GC heap before
{Heap before GC invocations=12 (full 1):
 PSYoungGen      total 62976K, used 53994K [0x00000000e0000000, 0x00000000e4780000, 0x0000000100000000)
  eden space 53760K, 88% used [0x00000000e0000000,0x00000000e2e6a7d0,0x00000000e3480000)
  from space 9216K, 70% used [0x00000000e3e80000,0x00000000e44d0110,0x00000000e4780000)
  to   space 9728K, 0% used [0x00000000e3480000,0x00000000e3480000,0x00000000e3e00000)
 ParOldGen       total 41472K, used 9661K [0x00000000a0000000, 0x00000000a2880000, 0x00000000e0000000)
  object space 41472K, 23% used [0x00000000a0000000,0x00000000a096f600,0x00000000a2880000)
 Metaspace       used 34723K, capacity 35430K, committed 35496K, reserved 1079296K
  class space    used 4622K, capacity 4807K, committed 4864K, reserved 1048576K
Event: 7.812 GC heap after
Heap after GC invocations=12 (full 1):
 PSYoungGen      total 63488K, used 3281K [0x00000000e0000000, 0x00000000e5d00000, 0x0000000100000000)
  eden space 53760K, 0% used [0x00000000e0000000,0x00000000e0000000,0x00000000e3480000)
  from space 9728K, 33% used [0x00000000e3480000,0x00000000e37b4648,0x00000000e3e00000)
  to   space 9728K, 0% used [0x00000000e5380000,0x00000000e5380000,0x00000000e5d00000)
 ParOldGen       total 41472K, used 14142K [0x00000000a0000000, 0x00000000a2880000, 0x00000000e0000000)
  object space 41472K, 34% used [0x00000000a0000000,0x00000000a0dcfaa0,0x00000000a2880000)
 Metaspace       used 34723K, capacity 35430K, committed 35496K, reserved 1079296K
  class space    used 4622K, capacity 4807K, committed 4864K, reserved 1048576K
}
Event: 7.812 GC heap before
{Heap before GC invocations=13 (full 2):
 PSYoungGen      total 63488K, used 3281K [0x00000000e0000000, 0x00000000e5d00000, 0x0000000100000000)
  eden space 53760K, 0% used [0x00000000e0000000,0x00000000e0000000,0x00000000e3480000)
  from space 9728K, 33% used [0x00000000e3480000,0x00000000e37b4648,0x00000000e3e00000)
  to   space 9728K, 0% used [0x00000000e5380000,0x00000000e5380000,0x00000000e5d00000)
 ParOldGen       total 41472K, used 14142K [0x00000000a0000000, 0x00000000a2880000, 0x00000000e0000000)
  object space 41472K, 34% used [0x00000000a0000000,0x00000000a0dcfaa0,0x00000000a2880000)
 Metaspace       used 34723K, capacity 35430K, committed 35496K, reserved 1079296K
  class space    used 4622K, capacity 4807K, committed 4864K, reserved 1048576K
Event: 7.910 GC heap after
Heap after GC invocations=13 (full 2):
 PSYoungGen      total 63488K, used 0K [0x00000000e0000000, 0x00000000e5d00000, 0x0000000100000000)
  eden space 53760K, 0% used [0x00000000e0000000,0x00000000e0000000,0x00000000e3480000)
  from space 9728K, 0% used [0x00000000e3480000,0x00000000e3480000,0x00000000e3e00000)
  to   space 9728K, 0% used [0x00000000e5380000,0x00000000e5380000,0x00000000e5d00000)
 ParOldGen       total 65024K, used 15893K [0x00000000a0000000, 0x00000000a3f80000, 0x00000000e0000000)
  object space 65024K, 24% used [0x00000000a0000000,0x00000000a0f85700,0x00000000a3f80000)
 Metaspace       used 34709K, capacity 35412K, committed 35496K, reserved 1079296K
  class space    used 4617K, capacity 4801K, committed 4864K, reserved 1048576K
}
Event: 8.396 GC heap before
{Heap before GC invocations=14 (full 2):
 PSYoungGen      total 63488K, used 53760K [0x00000000e0000000, 0x00000000e5d00000, 0x0000000100000000)
  eden space 53760K, 100% used [0x00000000e0000000,0x00000000e3480000,0x00000000e3480000)
  from space 9728K, 0% used [0x00000000e3480000,0x00000000e3480000,0x00000000e3e00000)
  to   space 9728K, 0% used [0x00000000e5380000,0x00000000e5380000,0x00000000e5d00000)
 ParOldGen       total 65024K, used 15893K [0x00000000a0000000, 0x00000000a3f80000, 0x00000000e0000000)
  object space 65024K, 24% used [0x00000000a0000000,0x00000000a0f85700,0x00000000a3f80000)
 Metaspace       used 38321K, capacity 39102K, committed 39424K, reserved 1083392K
  class space    used 5075K, capacity 5304K, committed 5376K, reserved 1048576K
Event: 8.403 GC heap after
Heap after GC invocations=14 (full 2):
 PSYoungGen      total 74240K, used 4674K [0x00000000e0000000, 0x00000000e5880000, 0x0000000100000000)
  eden space 69120K, 0% used [0x00000000e0000000,0x00000000e0000000,0x00000000e4380000)
  from space 5120K, 91% used [0x00000000e5380000,0x00000000e5810860,0x00000000e5880000)
  to   space 9216K, 0% used [0x00000000e4680000,0x00000000e4680000,0x00000000e4f80000)
 ParOldGen       total 65024K, used 15901K [0x00000000a0000000, 0x00000000a3f80000, 0x00000000e0000000)
  object space 65024K, 24% used [0x00000000a0000000,0x00000000a0f87700,0x00000000a3f80000)
 Metaspace       used 38321K, capacity 39102K, committed 39424K, reserved 1083392K
  class space    used 5075K, capacity 5304K, committed 5376K, reserved 1048576K
}
Event: 9.073 GC heap before
{Heap before GC invocations=15 (full 2):
 PSYoungGen      total 74240K, used 73794K [0x00000000e0000000, 0x00000000e5880000, 0x0000000100000000)
  eden space 69120K, 100% used [0x00000000e0000000,0x00000000e4380000,0x00000000e4380000)
  from space 5120K, 91% used [0x00000000e5380000,0x00000000e5810860,0x00000000e5880000)
  to   space 9216K, 0% used [0x00000000e4680000,0x00000000e4680000,0x00000000e4f80000)
 ParOldGen       total 65024K, used 15901K [0x00000000a0000000, 0x00000000a3f80000, 0x00000000e0000000)
  object space 65024K, 24% used [0x00000000a0000000,0x00000000a0f87700,0x00000000a3f80000)
 Metaspace       used 42241K, capacity 43126K, committed 43264K, reserved 1087488K
  class space    used 5607K, capacity 5845K, committed 5888K, reserved 1048576K
Event: 9.083 GC heap after
Heap after GC invocations=15 (full 2):
 PSYoungGen      total 78336K, used 9197K [0x00000000e0000000, 0x00000000e5880000, 0x0000000100000000)
  eden space 69120K, 0% used [0x00000000e0000000,0x00000000e0000000,0x00000000e4380000)
  from space 9216K, 99% used [0x00000000e4680000,0x00000000e4f7b4d8,0x00000000e4f80000)
  to   space 5120K, 0% used [0x00000000e5380000,0x00000000e5380000,0x00000000e5880000)
 ParOldGen       total 65024K, used 17251K [0x00000000a0000000, 0x00000000a3f80000, 0x00000000e0000000)
  object space 65024K, 26% used [0x00000000a0000000,0x00000000a10d8f68,0x00000000a3f80000)
 Metaspace       used 42241K, capacity 43126K, committed 43264K, reserved 1087488K
  class space    used 5607K, capacity 5845K, committed 5888K, reserved 1048576K
}

